<?xml version="1.0" encoding="UTF-8"?>
<!-- Generated by org.testng.reporters.JUnitXMLReporter -->
<testsuite hostname="LAPTOP-V6LUHV18" ignored="0" name="study" tests="7" failures="0" timestamp="2020-05-21T11:24:42 GMT+08:00" time="127.919" errors="0">
  <testcase name="BackTest" time="6.439" classname="com.primary.test.BrowserActionsTest"/>
  <testcase name="ForwardTest" time="14.892" classname="com.primary.test.BrowserActionsTest"/>
  <testcase name="GetCurrentTitleTest" time="4.428" classname="com.primary.test.BrowserActionsTest"/>
  <testcase name="GetCurrentURLTest" time="4.207" classname="com.primary.test.BrowserActionsTest"/>
  <testcase name="RefreshTest" time="5.034" classname="com.primary.test.BrowserActionsTest"/>
  <testcase name="SetDimensionSizeTest" time="11.796" classname="com.primary.test.BrowserActionsTest"/>
  <testcase name="openBaiDu" time="1.532" classname="com.primary.test.BrowserActionsTest"/>
</testsuite> <!-- study -->
